<?xml version="1.0" encoding="UTF-8"?>
<!-- Generated by org.testng.reporters.JUnitXMLReporter -->
<testsuite ignored="0" hostname="Akshay" failures="1" tests="52" name="Test" time="461.49" errors="0" timestamp="2024-12-05T21:11:08 CST">
  <testcase classname="com.tests.RegisterTestTN" name="verifyTitleDisplayedTest" time="0.037"/>
  <testcase classname="com.tests.RegisterTestTN" name="verifyRegisterAccountMainTitleTest" time="0.096"/>
  <testcase classname="com.tests.RegisterTestTN" name="verifyRegisterAccountSubTitleTest" time="0.051"/>
  <testcase classname="com.tests.RegisterTestTN" name="verifyRegisterButtonWithoutAnyDetails" time="1.08"/>
  <testcase classname="com.tests.RegisterTestTN" name="verifyRegisterButtonWithFirstName" time="0.64"/>
  <testcase classname="com.tests.RegisterTestTN" name="verifyRegisterButtonWithLastName" time="0.755"/>
  <testcase classname="com.tests.RegisterTestTN" name="verifyRegisterButtonWithEmail" time="0.766"/>
  <testcase classname="com.tests.RegisterTestTN" name="verifyRegisterButtonWithTelephone" time="0.648"/>
  <testcase classname="com.tests.RegisterTestTN" name="verifyRegisterButtonWithPassword" time="0.615"/>
  <testcase classname="com.tests.RegisterTestTN" name="verifyRegisterButtonWithConfirmPassword" time="0.808"/>
  <testcase classname="com.tests.RegisterTestTN" name="verifyRegisterButtonWithPrivacyPolicy" time="1.717"/>
  <testcase classname="com.tests.RegisterTestTN" name="verifyRegisterButtonWithoutFirstname" time="1.056"/>
  <testcase classname="com.tests.RegisterTestTN" name="verifyRegisterButtonWithoutLastname" time="0.87"/>
  <testcase classname="com.tests.RegisterTestTN" name="verifyRegisterButtonWithoutEmail" time="0.857"/>
  <testcase classname="com.tests.RegisterTestTN" name="verifyRegisterButtonWithoutTelephone" time="0.933"/>
  <testcase classname="com.tests.RegisterTestTN" name="verifyRegisterButtonWithoutPassword" time="0.837"/>
  <testcase classname="com.tests.RegisterTestTN" name="verifyRegisterButtonWithoutConfirmPassword" time="0.835"/>
  <testcase classname="com.tests.RegisterTestTN" name="verifyRegisterButtonWithoutPrivacyPolicy" time="0.89"/>
  <testcase classname="com.tests.RegisterTestTN" name="verifyRegisterButtonWithAllDetails" time="2.07"/>
  <testcase classname="com.tests.LoginTestTN" name="verifyTitleDisplayedTest" time="0.011"/>
  <testcase classname="com.tests.LoginTestTN" name="verifyLoginMainTitleTest" time="0.046"/>
  <testcase classname="com.tests.LoginTestTN" name="verifyLoginSubTitleTest" time="0.044"/>
  <testcase classname="com.tests.LoginTestTN" name="verifyLoginButtonWithoutAnyTest" time="0.808"/>
  <testcase classname="com.tests.LoginTestTN" name="verifyLoginButtonWithEmailTest" time="0.763"/>
  <testcase classname="com.tests.LoginTestTN" name="verifyLoginButtonWithPasswordTest" time="0.984"/>
  <testcase classname="com.tests.LoginTestTN" name="verifyLoginButtonWithInvalidDetailsTest" time="0.733">
    <skipped/>
  </testcase> <!-- verifyLoginButtonWithInvalidDetailsTest -->
  <testcase classname="com.tests.LoginTestTN" name="verifyLoginButtonWithInvalidDetailsTest" time="0.606">
    <skipped/>
  </testcase> <!-- verifyLoginButtonWithInvalidDetailsTest -->
  <testcase classname="com.tests.LoginTestTN" name="verifyLoginButtonWithInvalidDetailsTest" time="0.628">
    <skipped/>
  </testcase> <!-- verifyLoginButtonWithInvalidDetailsTest -->
  <testcase classname="com.tests.LoginTestTN" name="verifyLoginButtonWithInvalidDetailsTest" time="0.686">
    <failure type="java.lang.AssertionError" message="expected [Warning: No match for E-Mail Address and/or Password.] but found [Warning: Your account has exceeded allowed number of login attempts. Please try again in 1 hour.]">
      <![CDATA[java.lang.AssertionError: expected [Warning: No match for E-Mail Address and/or Password.] but found [Warning: Your account has exceeded allowed number of login attempts. Please try again in 1 hour.]
at com.tests.LoginTestTN.verifyLoginButtonWithInvalidDetailsTest(LoginTestTN.java:70)
at java.base/java.util.ArrayList.forEach(ArrayList.java:1596)
... Removed 35 stack frames]]>
    </failure>
  </testcase> <!-- verifyLoginButtonWithInvalidDetailsTest -->
  <testcase classname="com.tests.LoginTestTN" name="verifyLoginPageContinueButtonNavigationTest" time="1.471"/>
  <testcase classname="com.tests.LoginTestTN" name="verifyLoginButtonWithAllDetailsTest" time="1.421"/>
  <testcase classname="com.tests.HomeTestTN" name="verifyItemCartScenarioEmptyTest" time="0.149"/>
  <testcase classname="com.tests.HomeTestTN" name="verifyComponentDropDownTest" time="1.331"/>
  <testcase classname="com.tests.HomeTestTN" name="verifyFeatureIphoneNavigationTest" time="1.857"/>
  <testcase classname="com.tests.HomeTestTN" name="verifyInvalidsearchFeature" time="1.115"/>
  <testcase classname="com.tests.HomeTestTN" name="verifyValidsearchFeature" time="1.325"/>
  <testcase classname="com.tests.WishListTestTN" name="verifyTitleDisplayedTest" time="0.454"/>
  <testcase classname="com.tests.WishListTestTN" name="verifyWishListPageMainTitleTest" time="0.49"/>
  <testcase classname="com.tests.WishListTestTN" name="verifyWishListPageSubTitleTest" time="0.526"/>
  <testcase classname="com.tests.WishListTestTN" name="verifyAddToWishListTest" time="1.808"/>
  <testcase classname="com.tests.WishListTestTN" name="verifyAddToWishListRemoveTest" time="3.332"/>
  <testcase classname="com.tests.CheckoutTestTN" name="verifyTitleDisplayedTest" time="4.363"/>
  <testcase classname="com.tests.CheckoutTestTN" name="verifyCheckOutFlowTest" time="10.274"/>
  <testcase classname="com.tests.OrderHistoryTestTN" name="verifyTitleDisplayedTest" time="0.546"/>
  <testcase classname="com.tests.OrderHistoryTestTN" name="verifyOrderHistoryTest" time="0.929"/>
  <testcase classname="com.tests.ProductReturnTestTN" name="verifyTitleDisplayedTest" time="2.483"/>
  <testcase classname="com.tests.ProductReturnTestTN" name="verifyProductReturnTest" time="3.945"/>
  <testcase classname="com.tests.ShoppingCartTestTN" name="verifyTitleDisplayedTest" time="0.699"/>
  <testcase classname="com.tests.ShoppingCartTestTN" name="verifyUpdateQuantityTest" time="1.38"/>
  <testcase classname="com.tests.ShoppingCartTestTN" name="verifyEstimateShippingAndTexasTest" time="18.437"/>
  <testcase classname="com.tests.ShoppingCartTestTN" name="verifyCheckoutButtonTest" time="0.946"/>
  <testcase classname="com.tests.LogoutTestTN" name="verifyTitleDisplayedTest" time="2.305"/>
</testsuite> <!-- Test -->
