<?xml version="1.0" encoding="UTF-8"?>
<testsuite name="Test"
           tests="12"
           failures="1"
           errors="0"
           skipped="3"
           time="8.201">
    <properties></properties>

            <testcase
                name="verifyLoginButtonWithInvalidDetailsTest"
                time="0.686"
                classname="com.tests.LoginTestTN">

            <failure type="java.lang.AssertionError" message="expected [Warning: No match for E-Mail Address and/or Password.] but found [Warning: Your account has exceeded allowed number of login attempts. Please try again in 1 hour.]">
                <![CDATA[java.lang.AssertionError: expected [Warning: No match for E-Mail Address and/or Password.] but found [Warning: Your account has exceeded allowed number of login attempts. Please try again in 1 hour.]
                org.testng.Assert.fail(Assert.java:111)org.testng.Assert.failNotEquals(Assert.java:1578)org.testng.Assert.assertEqualsImpl(Assert.java:150)org.testng.Assert.assertEquals(Assert.java:132)org.testng.Assert.assertEquals(Assert.java:656)org.testng.Assert.assertEquals(Assert.java:666)com.tests.LoginTestTN.verifyLoginButtonWithInvalidDetailsTest(LoginTestTN.java:70)java.base/jdk.internal.reflect.DirectMethodHandleAccessor.invoke(DirectMethodHandleAccessor.java:103)java.base/java.lang.reflect.Method.invoke(Method.java:580)org.testng.internal.invokers.MethodInvocationHelper.invokeMethod(MethodInvocationHelper.java:141)org.testng.internal.invokers.TestInvoker.invokeMethod(TestInvoker.java:686)org.testng.internal.invokers.TestInvoker.retryFailed(TestInvoker.java:269)org.testng.internal.invokers.MethodRunner.runInSequence(MethodRunner.java:76)org.testng.internal.invokers.TestInvoker$MethodInvocationAgent.invoke(TestInvoker.java:992)org.testng.internal.invokers.TestInvoker.invokeTestMethods(TestInvoker.java:203)org.testng.internal.invokers.TestMethodWorker.invokeTestMethods(TestMethodWorker.java:154)org.testng.internal.invokers.TestMethodWorker.run(TestMethodWorker.java:134)java.base/java.util.ArrayList.forEach(ArrayList.java:1596)org.testng.TestRunner.privateRun(TestRunner.java:739)org.testng.TestRunner.run(TestRunner.java:614)org.testng.SuiteRunner.runTest(SuiteRunner.java:421)org.testng.SuiteRunner.runSequentially(SuiteRunner.java:413)org.testng.SuiteRunner.privateRun(SuiteRunner.java:373)org.testng.SuiteRunner.run(SuiteRunner.java:312)org.testng.SuiteRunnerWorker.runSuite(SuiteRunnerWorker.java:52)org.testng.SuiteRunnerWorker.run(SuiteRunnerWorker.java:95)org.testng.TestNG.runSuitesSequentially(TestNG.java:1274)org.testng.TestNG.runSuitesLocally(TestNG.java:1208)org.testng.TestNG.runSuites(TestNG.java:1112)org.testng.TestNG.run(TestNG.java:1079)org.apache.maven.surefire.testng.TestNGExecutor.run(TestNGExecutor.java:308)org.apache.maven.surefire.testng.TestNGXmlTestSuite.execute(TestNGXmlTestSuite.java:71)org.apache.maven.surefire.testng.TestNGProvider.invoke(TestNGProvider.java:113)org.apache.maven.surefire.booter.ForkedBooter.runSuitesInProcess(ForkedBooter.java:385)org.apache.maven.surefire.booter.ForkedBooter.execute(ForkedBooter.java:162)org.apache.maven.surefire.booter.ForkedBooter.run(ForkedBooter.java:507)org.apache.maven.surefire.booter.ForkedBooter.main(ForkedBooter.java:495)
]]>
            </failure>
    </testcase>

            <testcase
                name="verifyLoginButtonWithInvalidDetailsTest"
                time="0.0"
                classname="com.tests.LoginTestTN">
            </testcase>
            <testcase
                name="verifyLoginButtonWithInvalidDetailsTest"
                time="0.0"
                classname="com.tests.LoginTestTN">
            </testcase>
            <testcase
                name="verifyLoginButtonWithInvalidDetailsTest"
                time="0.0"
                classname="com.tests.LoginTestTN">
            </testcase>

            <testcase
                name="verifyLoginButtonWithAllDetailsTest"
                time="1.421"
                classname="com.tests.LoginTestTN">
            </testcase>
            <testcase
                name="verifyLoginSubTitleTest"
                time="0.044"
                classname="com.tests.LoginTestTN">
            </testcase>
            <testcase
                name="verifyTitleDisplayedTest"
                time="0.011"
                classname="com.tests.LoginTestTN">
            </testcase>
            <testcase
                name="verifyLoginButtonWithEmailTest"
                time="0.763"
                classname="com.tests.LoginTestTN">
            </testcase>
            <testcase
                name="verifyLoginMainTitleTest"
                time="0.046"
                classname="com.tests.LoginTestTN">
            </testcase>
            <testcase
                name="verifyLoginButtonWithoutAnyTest"
                time="0.808"
                classname="com.tests.LoginTestTN">
            </testcase>
            <testcase
                name="verifyLoginPageContinueButtonNavigationTest"
                time="1.471"
                classname="com.tests.LoginTestTN">
            </testcase>
            <testcase
                name="verifyLoginButtonWithPasswordTest"
                time="0.984"
                classname="com.tests.LoginTestTN">
            </testcase>
</testsuite>
